<?xml version="1.0" encoding="UTF-8"?>
<robot generator="Robot 4.1.3 (Python 3.10.1 on win32)" generated="20220218 15:19:46.998" rpa="false" schemaversion="2">
<suite id="s1" name="Sessions" source="C:\GravidadeZero\getgeeks\project\backend\users\tests\Sessions.robot">
<test id="s1-t1" name="Login do usuario">
<kw name="Create Dictionary" library="BuiltIn">
<var>${payload}</var>
<arg>email=khennos@gmail.com</arg>
<arg>password=pwd123</arg>
<doc>Creates and returns a dictionary based on the given ``items``.</doc>
<msg timestamp="20220218 15:19:47.110" level="INFO">${payload} = {'email': 'khennos@gmail.com', 'password': 'pwd123'}</msg>
<status status="PASS" starttime="20220218 15:19:47.109" endtime="20220218 15:19:47.110"/>
</kw>
<kw name="POST" library="RequestsLibrary">
<var>${response}</var>
<arg>${API_USERS}/sessions</arg>
<arg>json=${payload}</arg>
<arg>expected_status=any</arg>
<doc>Sends a POST request.</doc>
<msg timestamp="20220218 15:19:47.773" level="INFO">POST Request : url=https://getgeeks-users-jorge.herokuapp.com/sessions 
 path_url=/sessions 
 headers={'User-Agent': 'python-requests/2.27.1', 'Accept-Encoding': 'gzip, deflate', 'Accept': '*/*', 'Connection': 'keep-alive', 'Content-Length': '52', 'Content-Type': 'application/json'} 
 body=b'{"email": "khennos@gmail.com", "password": "pwd123"}' 
 </msg>
<msg timestamp="20220218 15:19:47.773" level="INFO">POST Response : url=https://getgeeks-users-jorge.herokuapp.com/sessions 
 status=200, reason=OK 
 headers={'Server': 'Cowboy', 'Connection': 'keep-alive', 'X-Powered-By': 'Express', 'Access-Control-Allow-Origin': '*', 'Content-Type': 'application/json; charset=utf-8', 'Content-Length': '366', 'Etag': 'W/"16e-zQiEcrCUAwp3MrA16cdk2TW6lrU"', 'Date': 'Fri, 18 Feb 2022 18:19:47 GMT', 'Via': '1.1 vegur'} 
 body={"user":{"id":213,"email":"khennos@gmail.com","password_hash":"$2b$08$tNFaX19E9lB0lz.CE1kNGew4wv70Wbj.ZubNEF4FBwznT3Iyu1wZS","name":"Jorge Patricio","avatar":null,"whatsapp":null,"is_geek":false},"token":"eyJhbGciOiJIUzI1NiIsInR5cCI6IkpXVCJ9.eyJpZCI6MjEzLCJpYXQiOjE2NDUyMDgzODcsImV4cCI6MTY0NjA3MjM4N30.WGaZNv3XKUqSXWzpYKNem8DBD9fER5i4W-gg7FiFpRs","expires_in":"10d"} 
 </msg>
<msg timestamp="20220218 15:19:47.773" level="INFO">${response} = &lt;Response [200]&gt;</msg>
<status status="PASS" starttime="20220218 15:19:47.110" endtime="20220218 15:19:47.774"/>
</kw>
<kw name="Status Should Be" library="RequestsLibrary">
<arg>200</arg>
<arg>${response}</arg>
<doc>Fails if response status code is different than the expected.</doc>
<status status="PASS" starttime="20220218 15:19:47.775" endtime="20220218 15:19:47.776"/>
</kw>
<kw name="Get Length" library="BuiltIn">
<var>${size}</var>
<arg>${response.json()}[token]</arg>
<doc>Returns and logs the length of the given item as an integer.</doc>
<msg timestamp="20220218 15:19:47.778" level="INFO">Length is 140</msg>
<msg timestamp="20220218 15:19:47.779" level="INFO">${size} = 140</msg>
<status status="PASS" starttime="20220218 15:19:47.777" endtime="20220218 15:19:47.779"/>
</kw>
<kw name="Convert To Integer" library="BuiltIn">
<var>${expected_size}</var>
<arg>140</arg>
<doc>Converts the given item to an integer number.</doc>
<msg timestamp="20220218 15:19:47.780" level="INFO">${expected_size} = 140</msg>
<status status="PASS" starttime="20220218 15:19:47.780" endtime="20220218 15:19:47.780"/>
</kw>
<kw name="Should Be Equal" library="BuiltIn">
<arg>${expected_size}</arg>
<arg>${size}</arg>
<doc>Fails if the given objects are unequal.</doc>
<status status="PASS" starttime="20220218 15:19:47.780" endtime="20220218 15:19:47.781"/>
</kw>
<kw name="Should Be Equal" library="BuiltIn">
<arg>10d</arg>
<arg>${response.json()}[expires_in]</arg>
<doc>Fails if the given objects are unequal.</doc>
<status status="PASS" starttime="20220218 15:19:47.782" endtime="20220218 15:19:47.783"/>
</kw>
<status status="PASS" starttime="20220218 15:19:47.108" endtime="20220218 15:19:47.784"/>
</test>
<test id="s1-t2" name="Senha Incorreta">
<kw name="Create Dictionary" library="BuiltIn">
<var>${payload}</var>
<arg>email=khennos@gmail.com</arg>
<arg>password=abc123</arg>
<doc>Creates and returns a dictionary based on the given ``items``.</doc>
<msg timestamp="20220218 15:19:47.787" level="INFO">${payload} = {'email': 'khennos@gmail.com', 'password': 'abc123'}</msg>
<status status="PASS" starttime="20220218 15:19:47.787" endtime="20220218 15:19:47.787"/>
</kw>
<kw name="POST" library="RequestsLibrary">
<var>${response}</var>
<arg>${API_USERS}/sessions</arg>
<arg>json=${payload}</arg>
<arg>expected_status=any</arg>
<doc>Sends a POST request.</doc>
<msg timestamp="20220218 15:19:48.340" level="INFO">POST Request : url=https://getgeeks-users-jorge.herokuapp.com/sessions 
 path_url=/sessions 
 headers={'User-Agent': 'python-requests/2.27.1', 'Accept-Encoding': 'gzip, deflate', 'Accept': '*/*', 'Connection': 'keep-alive', 'Content-Length': '52', 'Content-Type': 'application/json'} 
 body=b'{"email": "khennos@gmail.com", "password": "abc123"}' 
 </msg>
<msg timestamp="20220218 15:19:48.340" level="INFO">POST Response : url=https://getgeeks-users-jorge.herokuapp.com/sessions 
 status=401, reason=Unauthorized 
 headers={'Server': 'Cowboy', 'Connection': 'keep-alive', 'X-Powered-By': 'Express', 'Access-Control-Allow-Origin': '*', 'Content-Type': 'application/json; charset=utf-8', 'Content-Length': '24', 'Etag': 'W/"18-XPDV80vbMk4yY1/PADG4jYM4rSI"', 'Date': 'Fri, 18 Feb 2022 18:19:48 GMT', 'Via': '1.1 vegur'} 
 body={"error":"Unauthorized"} 
 </msg>
<msg timestamp="20220218 15:19:48.341" level="INFO">${response} = &lt;Response [401]&gt;</msg>
<status status="PASS" starttime="20220218 15:19:47.788" endtime="20220218 15:19:48.341"/>
</kw>
<kw name="Status Should Be" library="RequestsLibrary">
<arg>401</arg>
<arg>${response}</arg>
<doc>Fails if response status code is different than the expected.</doc>
<status status="PASS" starttime="20220218 15:19:48.342" endtime="20220218 15:19:48.343"/>
</kw>
<kw name="Should Be Equal" library="BuiltIn">
<arg>Unauthorized</arg>
<arg>${response.json()}[error]</arg>
<doc>Fails if the given objects are unequal.</doc>
<status status="PASS" starttime="20220218 15:19:48.344" endtime="20220218 15:19:48.346"/>
</kw>
<status status="PASS" starttime="20220218 15:19:47.786" endtime="20220218 15:19:48.347"/>
</test>
<test id="s1-t3" name="Usuario não encontrado">
<kw name="Create Dictionary" library="BuiltIn">
<var>${payload}</var>
<arg>email=khennos@401.com</arg>
<arg>password=abc123</arg>
<doc>Creates and returns a dictionary based on the given ``items``.</doc>
<msg timestamp="20220218 15:19:48.350" level="INFO">${payload} = {'email': 'khennos@401.com', 'password': 'abc123'}</msg>
<status status="PASS" starttime="20220218 15:19:48.349" endtime="20220218 15:19:48.350"/>
</kw>
<kw name="POST" library="RequestsLibrary">
<var>${response}</var>
<arg>${API_USERS}/sessions</arg>
<arg>json=${payload}</arg>
<arg>expected_status=any</arg>
<doc>Sends a POST request.</doc>
<msg timestamp="20220218 15:19:48.872" level="INFO">POST Request : url=https://getgeeks-users-jorge.herokuapp.com/sessions 
 path_url=/sessions 
 headers={'User-Agent': 'python-requests/2.27.1', 'Accept-Encoding': 'gzip, deflate', 'Accept': '*/*', 'Connection': 'keep-alive', 'Content-Length': '50', 'Content-Type': 'application/json'} 
 body=b'{"email": "khennos@401.com", "password": "abc123"}' 
 </msg>
<msg timestamp="20220218 15:19:48.872" level="INFO">POST Response : url=https://getgeeks-users-jorge.herokuapp.com/sessions 
 status=401, reason=Unauthorized 
 headers={'Server': 'Cowboy', 'Connection': 'keep-alive', 'X-Powered-By': 'Express', 'Access-Control-Allow-Origin': '*', 'Content-Type': 'application/json; charset=utf-8', 'Content-Length': '24', 'Etag': 'W/"18-XPDV80vbMk4yY1/PADG4jYM4rSI"', 'Date': 'Fri, 18 Feb 2022 18:19:49 GMT', 'Via': '1.1 vegur'} 
 body={"error":"Unauthorized"} 
 </msg>
<msg timestamp="20220218 15:19:48.872" level="INFO">${response} = &lt;Response [401]&gt;</msg>
<status status="PASS" starttime="20220218 15:19:48.350" endtime="20220218 15:19:48.872"/>
</kw>
<kw name="Status Should Be" library="RequestsLibrary">
<arg>401</arg>
<arg>${response}</arg>
<doc>Fails if response status code is different than the expected.</doc>
<status status="PASS" starttime="20220218 15:19:48.873" endtime="20220218 15:19:48.873"/>
</kw>
<kw name="Should Be Equal" library="BuiltIn">
<arg>Unauthorized</arg>
<arg>${response.json()}[error]</arg>
<doc>Fails if the given objects are unequal.</doc>
<status status="PASS" starttime="20220218 15:19:48.873" endtime="20220218 15:19:48.874"/>
</kw>
<status status="PASS" starttime="20220218 15:19:48.349" endtime="20220218 15:19:48.875"/>
</test>
<test id="s1-t4" name="Email incorreto">
<kw name="Create Dictionary" library="BuiltIn">
<var>${payload}</var>
<arg>email=khennos.com</arg>
<arg>password=abc123</arg>
<doc>Creates and returns a dictionary based on the given ``items``.</doc>
<msg timestamp="20220218 15:19:48.876" level="INFO">${payload} = {'email': 'khennos.com', 'password': 'abc123'}</msg>
<status status="PASS" starttime="20220218 15:19:48.875" endtime="20220218 15:19:48.876"/>
</kw>
<kw name="POST" library="RequestsLibrary">
<var>${response}</var>
<arg>${API_USERS}/sessions</arg>
<arg>json=${payload}</arg>
<arg>expected_status=any</arg>
<doc>Sends a POST request.</doc>
<msg timestamp="20220218 15:19:49.419" level="INFO">POST Request : url=https://getgeeks-users-jorge.herokuapp.com/sessions 
 path_url=/sessions 
 headers={'User-Agent': 'python-requests/2.27.1', 'Accept-Encoding': 'gzip, deflate', 'Accept': '*/*', 'Connection': 'keep-alive', 'Content-Length': '46', 'Content-Type': 'application/json'} 
 body=b'{"email": "khennos.com", "password": "abc123"}' 
 </msg>
<msg timestamp="20220218 15:19:49.419" level="INFO">POST Response : url=https://getgeeks-users-jorge.herokuapp.com/sessions 
 status=400, reason=Bad Request 
 headers={'Server': 'Cowboy', 'Connection': 'keep-alive', 'X-Powered-By': 'Express', 'Access-Control-Allow-Origin': '*', 'Content-Type': 'application/json; charset=utf-8', 'Content-Length': '27', 'Etag': 'W/"1b-/TOfJuE8lwSWEXvBl7o6iRstTo0"', 'Date': 'Fri, 18 Feb 2022 18:19:49 GMT', 'Via': '1.1 vegur'} 
 body={"error":"Incorrect email"} 
 </msg>
<msg timestamp="20220218 15:19:49.420" level="INFO">${response} = &lt;Response [400]&gt;</msg>
<status status="PASS" starttime="20220218 15:19:48.876" endtime="20220218 15:19:49.420"/>
</kw>
<kw name="Status Should Be" library="RequestsLibrary">
<arg>400</arg>
<arg>${response}</arg>
<doc>Fails if response status code is different than the expected.</doc>
<status status="PASS" starttime="20220218 15:19:49.423" endtime="20220218 15:19:49.424"/>
</kw>
<kw name="Should Be Equal" library="BuiltIn">
<arg>Incorrect email</arg>
<arg>${response.json()}[error]</arg>
<doc>Fails if the given objects are unequal.</doc>
<status status="PASS" starttime="20220218 15:19:49.425" endtime="20220218 15:19:49.428"/>
</kw>
<status status="PASS" starttime="20220218 15:19:48.875" endtime="20220218 15:19:49.429"/>
</test>
<test id="s1-t5" name="Email em branco">
<kw name="Create Dictionary" library="BuiltIn">
<var>${payload}</var>
<arg>email=${EMPTY}</arg>
<arg>password=abc123</arg>
<doc>Creates and returns a dictionary based on the given ``items``.</doc>
<msg timestamp="20220218 15:19:49.432" level="INFO">${payload} = {'email': '', 'password': 'abc123'}</msg>
<status status="PASS" starttime="20220218 15:19:49.431" endtime="20220218 15:19:49.432"/>
</kw>
<kw name="POST" library="RequestsLibrary">
<var>${response}</var>
<arg>${API_USERS}/sessions</arg>
<arg>json=${payload}</arg>
<arg>expected_status=any</arg>
<doc>Sends a POST request.</doc>
<msg timestamp="20220218 15:19:49.993" level="INFO">POST Request : url=https://getgeeks-users-jorge.herokuapp.com/sessions 
 path_url=/sessions 
 headers={'User-Agent': 'python-requests/2.27.1', 'Accept-Encoding': 'gzip, deflate', 'Accept': '*/*', 'Connection': 'keep-alive', 'Content-Length': '35', 'Content-Type': 'application/json'} 
 body=b'{"email": "", "password": "abc123"}' 
 </msg>
<msg timestamp="20220218 15:19:49.994" level="INFO">POST Response : url=https://getgeeks-users-jorge.herokuapp.com/sessions 
 status=400, reason=Bad Request 
 headers={'Server': 'Cowboy', 'Connection': 'keep-alive', 'X-Powered-By': 'Express', 'Access-Control-Allow-Origin': '*', 'Content-Type': 'application/json; charset=utf-8', 'Content-Length': '26', 'Etag': 'W/"1a-ztWLEO5pP/4DOQYYgf8vh7rMmRI"', 'Date': 'Fri, 18 Feb 2022 18:19:50 GMT', 'Via': '1.1 vegur'} 
 body={"error":"Required email"} 
 </msg>
<msg timestamp="20220218 15:19:49.994" level="INFO">${response} = &lt;Response [400]&gt;</msg>
<status status="PASS" starttime="20220218 15:19:49.433" endtime="20220218 15:19:49.994"/>
</kw>
<kw name="Status Should Be" library="RequestsLibrary">
<arg>400</arg>
<arg>${response}</arg>
<doc>Fails if response status code is different than the expected.</doc>
<status status="PASS" starttime="20220218 15:19:49.996" endtime="20220218 15:19:49.997"/>
</kw>
<kw name="Should Be Equal" library="BuiltIn">
<arg>Required email</arg>
<arg>${response.json()}[error]</arg>
<doc>Fails if the given objects are unequal.</doc>
<status status="PASS" starttime="20220218 15:19:49.998" endtime="20220218 15:19:50.000"/>
</kw>
<status status="PASS" starttime="20220218 15:19:49.430" endtime="20220218 15:19:50.001"/>
</test>
<test id="s1-t6" name="Sem email">
<kw name="Create Dictionary" library="BuiltIn">
<var>${payload}</var>
<arg>password=abc123</arg>
<doc>Creates and returns a dictionary based on the given ``items``.</doc>
<msg timestamp="20220218 15:19:50.005" level="INFO">${payload} = {'password': 'abc123'}</msg>
<status status="PASS" starttime="20220218 15:19:50.004" endtime="20220218 15:19:50.005"/>
</kw>
<kw name="POST" library="RequestsLibrary">
<var>${response}</var>
<arg>${API_USERS}/sessions</arg>
<arg>json=${payload}</arg>
<arg>expected_status=any</arg>
<doc>Sends a POST request.</doc>
<msg timestamp="20220218 15:19:50.549" level="INFO">POST Request : url=https://getgeeks-users-jorge.herokuapp.com/sessions 
 path_url=/sessions 
 headers={'User-Agent': 'python-requests/2.27.1', 'Accept-Encoding': 'gzip, deflate', 'Accept': '*/*', 'Connection': 'keep-alive', 'Content-Length': '22', 'Content-Type': 'application/json'} 
 body=b'{"password": "abc123"}' 
 </msg>
<msg timestamp="20220218 15:19:50.549" level="INFO">POST Response : url=https://getgeeks-users-jorge.herokuapp.com/sessions 
 status=400, reason=Bad Request 
 headers={'Server': 'Cowboy', 'Connection': 'keep-alive', 'X-Powered-By': 'Express', 'Access-Control-Allow-Origin': '*', 'Content-Type': 'application/json; charset=utf-8', 'Content-Length': '26', 'Etag': 'W/"1a-ztWLEO5pP/4DOQYYgf8vh7rMmRI"', 'Date': 'Fri, 18 Feb 2022 18:19:50 GMT', 'Via': '1.1 vegur'} 
 body={"error":"Required email"} 
 </msg>
<msg timestamp="20220218 15:19:50.549" level="INFO">${response} = &lt;Response [400]&gt;</msg>
<status status="PASS" starttime="20220218 15:19:50.006" endtime="20220218 15:19:50.549"/>
</kw>
<kw name="Status Should Be" library="RequestsLibrary">
<arg>400</arg>
<arg>${response}</arg>
<doc>Fails if response status code is different than the expected.</doc>
<status status="PASS" starttime="20220218 15:19:50.551" endtime="20220218 15:19:50.551"/>
</kw>
<kw name="Should Be Equal" library="BuiltIn">
<arg>Required email</arg>
<arg>${response.json()}[error]</arg>
<doc>Fails if the given objects are unequal.</doc>
<status status="PASS" starttime="20220218 15:19:50.552" endtime="20220218 15:19:50.554"/>
</kw>
<status status="PASS" starttime="20220218 15:19:50.003" endtime="20220218 15:19:50.555"/>
</test>
<test id="s1-t7" name="Senha em branco">
<kw name="Create Dictionary" library="BuiltIn">
<var>${payload}</var>
<arg>email=khennos@gmail.com</arg>
<arg>password=${EMPTY}</arg>
<doc>Creates and returns a dictionary based on the given ``items``.</doc>
<msg timestamp="20220218 15:19:50.558" level="INFO">${payload} = {'email': 'khennos@gmail.com', 'password': ''}</msg>
<status status="PASS" starttime="20220218 15:19:50.557" endtime="20220218 15:19:50.558"/>
</kw>
<kw name="POST" library="RequestsLibrary">
<var>${response}</var>
<arg>${API_USERS}/sessions</arg>
<arg>json=${payload}</arg>
<arg>expected_status=any</arg>
<doc>Sends a POST request.</doc>
<msg timestamp="20220218 15:19:51.112" level="INFO">POST Request : url=https://getgeeks-users-jorge.herokuapp.com/sessions 
 path_url=/sessions 
 headers={'User-Agent': 'python-requests/2.27.1', 'Accept-Encoding': 'gzip, deflate', 'Accept': '*/*', 'Connection': 'keep-alive', 'Content-Length': '46', 'Content-Type': 'application/json'} 
 body=b'{"email": "khennos@gmail.com", "password": ""}' 
 </msg>
<msg timestamp="20220218 15:19:51.112" level="INFO">POST Response : url=https://getgeeks-users-jorge.herokuapp.com/sessions 
 status=400, reason=Bad Request 
 headers={'Server': 'Cowboy', 'Connection': 'keep-alive', 'X-Powered-By': 'Express', 'Access-Control-Allow-Origin': '*', 'Content-Type': 'application/json; charset=utf-8', 'Content-Length': '25', 'Etag': 'W/"19-XQPKZGB2rC+TLudFQKbwFLPwbR0"', 'Date': 'Fri, 18 Feb 2022 18:19:51 GMT', 'Via': '1.1 vegur'} 
 body={"error":"Required pass"} 
 </msg>
<msg timestamp="20220218 15:19:51.113" level="INFO">${response} = &lt;Response [400]&gt;</msg>
<status status="PASS" starttime="20220218 15:19:50.558" endtime="20220218 15:19:51.113"/>
</kw>
<kw name="Status Should Be" library="RequestsLibrary">
<arg>400</arg>
<arg>${response}</arg>
<doc>Fails if response status code is different than the expected.</doc>
<status status="PASS" starttime="20220218 15:19:51.116" endtime="20220218 15:19:51.117"/>
</kw>
<kw name="Should Be Equal" library="BuiltIn">
<arg>Required pass</arg>
<arg>${response.json()}[error]</arg>
<doc>Fails if the given objects are unequal.</doc>
<status status="PASS" starttime="20220218 15:19:51.118" endtime="20220218 15:19:51.120"/>
</kw>
<status status="PASS" starttime="20220218 15:19:50.556" endtime="20220218 15:19:51.121"/>
</test>
<test id="s1-t8" name="Sem senha">
<kw name="Create Dictionary" library="BuiltIn">
<var>${payload}</var>
<arg>email=khennos@gmail.com</arg>
<doc>Creates and returns a dictionary based on the given ``items``.</doc>
<msg timestamp="20220218 15:19:51.125" level="INFO">${payload} = {'email': 'khennos@gmail.com'}</msg>
<status status="PASS" starttime="20220218 15:19:51.125" endtime="20220218 15:19:51.126"/>
</kw>
<kw name="POST" library="RequestsLibrary">
<var>${response}</var>
<arg>${API_USERS}/sessions</arg>
<arg>json=${payload}</arg>
<arg>expected_status=any</arg>
<doc>Sends a POST request.</doc>
<msg timestamp="20220218 15:19:51.679" level="INFO">POST Request : url=https://getgeeks-users-jorge.herokuapp.com/sessions 
 path_url=/sessions 
 headers={'User-Agent': 'python-requests/2.27.1', 'Accept-Encoding': 'gzip, deflate', 'Accept': '*/*', 'Connection': 'keep-alive', 'Content-Length': '30', 'Content-Type': 'application/json'} 
 body=b'{"email": "khennos@gmail.com"}' 
 </msg>
<msg timestamp="20220218 15:19:51.680" level="INFO">POST Response : url=https://getgeeks-users-jorge.herokuapp.com/sessions 
 status=400, reason=Bad Request 
 headers={'Server': 'Cowboy', 'Connection': 'keep-alive', 'X-Powered-By': 'Express', 'Access-Control-Allow-Origin': '*', 'Content-Type': 'application/json; charset=utf-8', 'Content-Length': '25', 'Etag': 'W/"19-XQPKZGB2rC+TLudFQKbwFLPwbR0"', 'Date': 'Fri, 18 Feb 2022 18:19:51 GMT', 'Via': '1.1 vegur'} 
 body={"error":"Required pass"} 
 </msg>
<msg timestamp="20220218 15:19:51.680" level="INFO">${response} = &lt;Response [400]&gt;</msg>
<status status="PASS" starttime="20220218 15:19:51.127" endtime="20220218 15:19:51.681"/>
</kw>
<kw name="Status Should Be" library="RequestsLibrary">
<arg>400</arg>
<arg>${response}</arg>
<doc>Fails if response status code is different than the expected.</doc>
<status status="PASS" starttime="20220218 15:19:51.683" endtime="20220218 15:19:51.684"/>
</kw>
<kw name="Should Be Equal" library="BuiltIn">
<arg>Required pass</arg>
<arg>${response.json()}[error]</arg>
<doc>Fails if the given objects are unequal.</doc>
<status status="PASS" starttime="20220218 15:19:51.685" endtime="20220218 15:19:51.687"/>
</kw>
<status status="PASS" starttime="20220218 15:19:51.123" endtime="20220218 15:19:51.688"/>
</test>
<doc>Sessions route test suite</doc>
<status status="PASS" starttime="20220218 15:19:46.999" endtime="20220218 15:19:51.691"/>
</suite>
<statistics>
<total>
<stat pass="8" fail="0" skip="0">All Tests</stat>
</total>
<tag>
</tag>
<suite>
<stat pass="8" fail="0" skip="0" id="s1" name="Sessions">Sessions</stat>
</suite>
</statistics>
<errors>
</errors>
</robot>
