<?xml version="1.0" encoding="UTF-8"?>
<robot generator="Robot 4.1.3 (Python 3.10.1 on win32)" generated="20220222 09:03:58.814" rpa="false" schemaversion="2">
<suite id="s1" name="Sessions" source="C:\GravidadeZERO\getgeeks\project\backend\users\tests\Sessions.robot">
<test id="s1-t1" name="Login do usuario">
<kw name="Factory User Session" library="Users">
<var>${payload}</var>
<arg>signup</arg>
<msg timestamp="20220222 09:03:58.959" level="INFO">${payload} = {'name': 'Ildes Patricio', 'email': 'ildes@gmail.com', 'password': 'pwd123'}</msg>
<status status="PASS" starttime="20220222 09:03:58.959" endtime="20220222 09:03:58.959"/>
</kw>
<kw name="POST User" library="UsersRoute">
<arg>${payload}</arg>
<kw name="POST" library="RequestsLibrary">
<var>${response}</var>
<arg>${API_USERS}/users</arg>
<arg>json=${payload}</arg>
<arg>expected_status=any</arg>
<doc>Sends a POST request.</doc>
<msg timestamp="20220222 09:03:59.543" level="INFO">POST Request : url=https://getgeeks-users-jorge.herokuapp.com/users 
 path_url=/users 
 headers={'User-Agent': 'python-requests/2.27.1', 'Accept-Encoding': 'gzip, deflate', 'Accept': '*/*', 'Connection': 'keep-alive', 'Content-Length': '76', 'Content-Type': 'application/json'} 
 body=b'{"name": "Ildes Patricio", "email": "ildes@gmail.com", "password": "pwd123"}' 
 </msg>
<msg timestamp="20220222 09:03:59.543" level="INFO">POST Response : url=https://getgeeks-users-jorge.herokuapp.com/users 
 status=400, reason=Bad Request 
 headers={'Server': 'Cowboy', 'Connection': 'keep-alive', 'X-Powered-By': 'Express', 'Access-Control-Allow-Origin': '*', 'Content-Type': 'application/json; charset=utf-8', 'Content-Length': '31', 'Etag': 'W/"1f-lFUySNKwX3L5eGEwGcNcUoVKWhE"', 'Date': 'Tue, 22 Feb 2022 12:03:59 GMT', 'Via': '1.1 vegur'} 
 body={"error":"User already exists"} 
 </msg>
<msg timestamp="20220222 09:03:59.543" level="INFO">${response} = &lt;Response [400]&gt;</msg>
<status status="PASS" starttime="20220222 09:03:58.960" endtime="20220222 09:03:59.543"/>
</kw>
<status status="PASS" starttime="20220222 09:03:58.960" endtime="20220222 09:03:59.543"/>
</kw>
<kw name="Factory User Session" library="Users">
<var>${payload}</var>
<arg>login</arg>
<msg timestamp="20220222 09:03:59.544" level="INFO">${payload} = {'email': 'ildes@gmail.com', 'password': 'pwd123'}</msg>
<status status="PASS" starttime="20220222 09:03:59.544" endtime="20220222 09:03:59.544"/>
</kw>
<kw name="POST Session" library="SessionsRoute">
<var>${response}</var>
<arg>${payload}</arg>
<kw name="POST" library="RequestsLibrary">
<var>${response}</var>
<arg>${API_USERS}/sessions</arg>
<arg>json=${payload}</arg>
<arg>expected_status=any</arg>
<doc>Sends a POST request.</doc>
<msg timestamp="20220222 09:04:00.092" level="INFO">POST Request : url=https://getgeeks-users-jorge.herokuapp.com/sessions 
 path_url=/sessions 
 headers={'User-Agent': 'python-requests/2.27.1', 'Accept-Encoding': 'gzip, deflate', 'Accept': '*/*', 'Connection': 'keep-alive', 'Content-Length': '50', 'Content-Type': 'application/json'} 
 body=b'{"email": "ildes@gmail.com", "password": "pwd123"}' 
 </msg>
<msg timestamp="20220222 09:04:00.092" level="INFO">POST Response : url=https://getgeeks-users-jorge.herokuapp.com/sessions 
 status=200, reason=OK 
 headers={'Server': 'Cowboy', 'Connection': 'keep-alive', 'X-Powered-By': 'Express', 'Access-Control-Allow-Origin': '*', 'Content-Type': 'application/json; charset=utf-8', 'Content-Length': '364', 'Etag': 'W/"16c-8YU/viNnOem4p7iJEwXt2j6Ll1w"', 'Date': 'Tue, 22 Feb 2022 12:03:59 GMT', 'Via': '1.1 vegur'} 
 body={"user":{"id":222,"email":"ildes@gmail.com","password_hash":"$2b$08$UYvN56x0so60EKPzsEBraO61W8uJqsQPqOJFEBKB5Q/hd.HIpGfU2","name":"Ildes Patricio","avatar":null,"whatsapp":null,"is_geek":false},"token":"eyJhbGciOiJIUzI1NiIsInR5cCI6IkpXVCJ9.eyJpZCI6MjIyLCJpYXQiOjE2NDU1MzE0MzksImV4cCI6MTY0NjM5NTQzOX0.xTLOQyRVn4fQt_340ZloZS_TFZazrOgI-6R2HBvDM3Q","expires_in":"10d"} 
 </msg>
<msg timestamp="20220222 09:04:00.092" level="INFO">${response} = &lt;Response [200]&gt;</msg>
<status status="PASS" starttime="20220222 09:03:59.545" endtime="20220222 09:04:00.092"/>
</kw>
<msg timestamp="20220222 09:04:00.092" level="INFO">${response} = &lt;Response [200]&gt;</msg>
<status status="PASS" starttime="20220222 09:03:59.545" endtime="20220222 09:04:00.092"/>
</kw>
<kw name="Status Should Be" library="RequestsLibrary">
<arg>200</arg>
<arg>${response}</arg>
<doc>Fails if response status code is different than the expected.</doc>
<status status="PASS" starttime="20220222 09:04:00.093" endtime="20220222 09:04:00.093"/>
</kw>
<kw name="Get Length" library="BuiltIn">
<var>${size}</var>
<arg>${response.json()}[token]</arg>
<doc>Returns and logs the length of the given item as an integer.</doc>
<msg timestamp="20220222 09:04:00.094" level="INFO">Length is 140</msg>
<msg timestamp="20220222 09:04:00.094" level="INFO">${size} = 140</msg>
<status status="PASS" starttime="20220222 09:04:00.093" endtime="20220222 09:04:00.094"/>
</kw>
<kw name="Convert To Integer" library="BuiltIn">
<var>${expected_size}</var>
<arg>140</arg>
<doc>Converts the given item to an integer number.</doc>
<msg timestamp="20220222 09:04:00.095" level="INFO">${expected_size} = 140</msg>
<status status="PASS" starttime="20220222 09:04:00.095" endtime="20220222 09:04:00.095"/>
</kw>
<kw name="Should Be Equal" library="BuiltIn">
<arg>${expected_size}</arg>
<arg>${size}</arg>
<doc>Fails if the given objects are unequal.</doc>
<status status="PASS" starttime="20220222 09:04:00.095" endtime="20220222 09:04:00.095"/>
</kw>
<kw name="Should Be Equal" library="BuiltIn">
<arg>10d</arg>
<arg>${response.json()}[expires_in]</arg>
<doc>Fails if the given objects are unequal.</doc>
<status status="PASS" starttime="20220222 09:04:00.096" endtime="20220222 09:04:00.096"/>
</kw>
<status status="PASS" starttime="20220222 09:03:58.959" endtime="20220222 09:04:00.097"/>
</test>
<test id="s1-t2" name="Não deve gerar um token">
<kw name="Attempt POST Session">
<arg>${senha_invalida}</arg>
<arg>401</arg>
<arg>Unauthorized</arg>
<kw name="POST Session" library="SessionsRoute">
<var>${response}</var>
<arg>${payload}</arg>
<kw name="POST" library="RequestsLibrary">
<var>${response}</var>
<arg>${API_USERS}/sessions</arg>
<arg>json=${payload}</arg>
<arg>expected_status=any</arg>
<doc>Sends a POST request.</doc>
<msg timestamp="20220222 09:04:00.660" level="INFO">POST Request : url=https://getgeeks-users-jorge.herokuapp.com/sessions 
 path_url=/sessions 
 headers={'User-Agent': 'python-requests/2.27.1', 'Accept-Encoding': 'gzip, deflate', 'Accept': '*/*', 'Connection': 'keep-alive', 'Content-Length': '50', 'Content-Type': 'application/json'} 
 body=b'{"email": "ildes@gmail.com", "password": "abc123"}' 
 </msg>
<msg timestamp="20220222 09:04:00.660" level="INFO">POST Response : url=https://getgeeks-users-jorge.herokuapp.com/sessions 
 status=401, reason=Unauthorized 
 headers={'Server': 'Cowboy', 'Connection': 'keep-alive', 'X-Powered-By': 'Express', 'Access-Control-Allow-Origin': '*', 'Content-Type': 'application/json; charset=utf-8', 'Content-Length': '24', 'Etag': 'W/"18-XPDV80vbMk4yY1/PADG4jYM4rSI"', 'Date': 'Tue, 22 Feb 2022 12:04:00 GMT', 'Via': '1.1 vegur'} 
 body={"error":"Unauthorized"} 
 </msg>
<msg timestamp="20220222 09:04:00.662" level="INFO">${response} = &lt;Response [401]&gt;</msg>
<status status="PASS" starttime="20220222 09:04:00.099" endtime="20220222 09:04:00.662"/>
</kw>
<msg timestamp="20220222 09:04:00.663" level="INFO">${response} = &lt;Response [401]&gt;</msg>
<status status="PASS" starttime="20220222 09:04:00.099" endtime="20220222 09:04:00.663"/>
</kw>
<kw name="Status Should Be" library="RequestsLibrary">
<arg>${status_code}</arg>
<arg>${response}</arg>
<doc>Fails if response status code is different than the expected.</doc>
<status status="PASS" starttime="20220222 09:04:00.663" endtime="20220222 09:04:00.665"/>
</kw>
<kw name="Should Be Equal" library="BuiltIn">
<arg>${error_message}</arg>
<arg>${response.json()}[error]</arg>
<doc>Fails if the given objects are unequal.</doc>
<status status="PASS" starttime="20220222 09:04:00.665" endtime="20220222 09:04:00.669"/>
</kw>
<status status="PASS" starttime="20220222 09:04:00.098" endtime="20220222 09:04:00.669"/>
</kw>
<kw name="Attempt POST Session">
<arg>${email_invalido}</arg>
<arg>400</arg>
<arg>Incorrect email</arg>
<kw name="POST Session" library="SessionsRoute">
<var>${response}</var>
<arg>${payload}</arg>
<kw name="POST" library="RequestsLibrary">
<var>${response}</var>
<arg>${API_USERS}/sessions</arg>
<arg>json=${payload}</arg>
<arg>expected_status=any</arg>
<doc>Sends a POST request.</doc>
<msg timestamp="20220222 09:04:01.236" level="INFO">POST Request : url=https://getgeeks-users-jorge.herokuapp.com/sessions 
 path_url=/sessions 
 headers={'User-Agent': 'python-requests/2.27.1', 'Accept-Encoding': 'gzip, deflate', 'Accept': '*/*', 'Connection': 'keep-alive', 'Content-Length': '47', 'Content-Type': 'application/json'} 
 body=b'{"email": "ildes.com.br", "password": "abc123"}' 
 </msg>
<msg timestamp="20220222 09:04:01.236" level="INFO">POST Response : url=https://getgeeks-users-jorge.herokuapp.com/sessions 
 status=400, reason=Bad Request 
 headers={'Server': 'Cowboy', 'Connection': 'keep-alive', 'X-Powered-By': 'Express', 'Access-Control-Allow-Origin': '*', 'Content-Type': 'application/json; charset=utf-8', 'Content-Length': '27', 'Etag': 'W/"1b-/TOfJuE8lwSWEXvBl7o6iRstTo0"', 'Date': 'Tue, 22 Feb 2022 12:04:00 GMT', 'Via': '1.1 vegur'} 
 body={"error":"Incorrect email"} 
 </msg>
<msg timestamp="20220222 09:04:01.237" level="INFO">${response} = &lt;Response [400]&gt;</msg>
<status status="PASS" starttime="20220222 09:04:00.672" endtime="20220222 09:04:01.237"/>
</kw>
<msg timestamp="20220222 09:04:01.238" level="INFO">${response} = &lt;Response [400]&gt;</msg>
<status status="PASS" starttime="20220222 09:04:00.671" endtime="20220222 09:04:01.239"/>
</kw>
<kw name="Status Should Be" library="RequestsLibrary">
<arg>${status_code}</arg>
<arg>${response}</arg>
<doc>Fails if response status code is different than the expected.</doc>
<status status="PASS" starttime="20220222 09:04:01.239" endtime="20220222 09:04:01.241"/>
</kw>
<kw name="Should Be Equal" library="BuiltIn">
<arg>${error_message}</arg>
<arg>${response.json()}[error]</arg>
<doc>Fails if the given objects are unequal.</doc>
<status status="PASS" starttime="20220222 09:04:01.241" endtime="20220222 09:04:01.245"/>
</kw>
<status status="PASS" starttime="20220222 09:04:00.670" endtime="20220222 09:04:01.245"/>
</kw>
<kw name="Attempt POST Session">
<arg>${email_404}</arg>
<arg>401</arg>
<arg>Unauthorized</arg>
<kw name="POST Session" library="SessionsRoute">
<var>${response}</var>
<arg>${payload}</arg>
<kw name="POST" library="RequestsLibrary">
<var>${response}</var>
<arg>${API_USERS}/sessions</arg>
<arg>json=${payload}</arg>
<arg>expected_status=any</arg>
<doc>Sends a POST request.</doc>
<msg timestamp="20220222 09:04:01.810" level="INFO">POST Request : url=https://getgeeks-users-jorge.herokuapp.com/sessions 
 path_url=/sessions 
 headers={'User-Agent': 'python-requests/2.27.1', 'Accept-Encoding': 'gzip, deflate', 'Accept': '*/*', 'Connection': 'keep-alive', 'Content-Length': '48', 'Content-Type': 'application/json'} 
 body=b'{"email": "ildes@404.com", "password": "abc123"}' 
 </msg>
<msg timestamp="20220222 09:04:01.810" level="INFO">POST Response : url=https://getgeeks-users-jorge.herokuapp.com/sessions 
 status=401, reason=Unauthorized 
 headers={'Server': 'Cowboy', 'Connection': 'keep-alive', 'X-Powered-By': 'Express', 'Access-Control-Allow-Origin': '*', 'Content-Type': 'application/json; charset=utf-8', 'Content-Length': '24', 'Etag': 'W/"18-XPDV80vbMk4yY1/PADG4jYM4rSI"', 'Date': 'Tue, 22 Feb 2022 12:04:01 GMT', 'Via': '1.1 vegur'} 
 body={"error":"Unauthorized"} 
 </msg>
<msg timestamp="20220222 09:04:01.811" level="INFO">${response} = &lt;Response [401]&gt;</msg>
<status status="PASS" starttime="20220222 09:04:01.250" endtime="20220222 09:04:01.811"/>
</kw>
<msg timestamp="20220222 09:04:01.812" level="INFO">${response} = &lt;Response [401]&gt;</msg>
<status status="PASS" starttime="20220222 09:04:01.248" endtime="20220222 09:04:01.812"/>
</kw>
<kw name="Status Should Be" library="RequestsLibrary">
<arg>${status_code}</arg>
<arg>${response}</arg>
<doc>Fails if response status code is different than the expected.</doc>
<status status="PASS" starttime="20220222 09:04:01.813" endtime="20220222 09:04:01.815"/>
</kw>
<kw name="Should Be Equal" library="BuiltIn">
<arg>${error_message}</arg>
<arg>${response.json()}[error]</arg>
<doc>Fails if the given objects are unequal.</doc>
<status status="PASS" starttime="20220222 09:04:01.815" endtime="20220222 09:04:01.819"/>
</kw>
<status status="PASS" starttime="20220222 09:04:01.247" endtime="20220222 09:04:01.819"/>
</kw>
<kw name="Attempt POST Session">
<arg>${email_vazio}</arg>
<arg>400</arg>
<arg>Required email</arg>
<kw name="POST Session" library="SessionsRoute">
<var>${response}</var>
<arg>${payload}</arg>
<kw name="POST" library="RequestsLibrary">
<var>${response}</var>
<arg>${API_USERS}/sessions</arg>
<arg>json=${payload}</arg>
<arg>expected_status=any</arg>
<doc>Sends a POST request.</doc>
<msg timestamp="20220222 09:04:02.376" level="INFO">POST Request : url=https://getgeeks-users-jorge.herokuapp.com/sessions 
 path_url=/sessions 
 headers={'User-Agent': 'python-requests/2.27.1', 'Accept-Encoding': 'gzip, deflate', 'Accept': '*/*', 'Connection': 'keep-alive', 'Content-Length': '35', 'Content-Type': 'application/json'} 
 body=b'{"email": "", "password": "abc123"}' 
 </msg>
<msg timestamp="20220222 09:04:02.376" level="INFO">POST Response : url=https://getgeeks-users-jorge.herokuapp.com/sessions 
 status=400, reason=Bad Request 
 headers={'Server': 'Cowboy', 'Connection': 'keep-alive', 'X-Powered-By': 'Express', 'Access-Control-Allow-Origin': '*', 'Content-Type': 'application/json; charset=utf-8', 'Content-Length': '26', 'Etag': 'W/"1a-ztWLEO5pP/4DOQYYgf8vh7rMmRI"', 'Date': 'Tue, 22 Feb 2022 12:04:02 GMT', 'Via': '1.1 vegur'} 
 body={"error":"Required email"} 
 </msg>
<msg timestamp="20220222 09:04:02.378" level="INFO">${response} = &lt;Response [400]&gt;</msg>
<status status="PASS" starttime="20220222 09:04:01.822" endtime="20220222 09:04:02.378"/>
</kw>
<msg timestamp="20220222 09:04:02.379" level="INFO">${response} = &lt;Response [400]&gt;</msg>
<status status="PASS" starttime="20220222 09:04:01.822" endtime="20220222 09:04:02.379"/>
</kw>
<kw name="Status Should Be" library="RequestsLibrary">
<arg>${status_code}</arg>
<arg>${response}</arg>
<doc>Fails if response status code is different than the expected.</doc>
<status status="PASS" starttime="20220222 09:04:02.379" endtime="20220222 09:04:02.381"/>
</kw>
<kw name="Should Be Equal" library="BuiltIn">
<arg>${error_message}</arg>
<arg>${response.json()}[error]</arg>
<doc>Fails if the given objects are unequal.</doc>
<status status="PASS" starttime="20220222 09:04:02.381" endtime="20220222 09:04:02.384"/>
</kw>
<status status="PASS" starttime="20220222 09:04:01.821" endtime="20220222 09:04:02.385"/>
</kw>
<kw name="Attempt POST Session">
<arg>${Sem_campo_email}</arg>
<arg>400</arg>
<arg>Required email</arg>
<kw name="POST Session" library="SessionsRoute">
<var>${response}</var>
<arg>${payload}</arg>
<kw name="POST" library="RequestsLibrary">
<var>${response}</var>
<arg>${API_USERS}/sessions</arg>
<arg>json=${payload}</arg>
<arg>expected_status=any</arg>
<doc>Sends a POST request.</doc>
<msg timestamp="20220222 09:04:02.946" level="INFO">POST Request : url=https://getgeeks-users-jorge.herokuapp.com/sessions 
 path_url=/sessions 
 headers={'User-Agent': 'python-requests/2.27.1', 'Accept-Encoding': 'gzip, deflate', 'Accept': '*/*', 'Connection': 'keep-alive', 'Content-Length': '22', 'Content-Type': 'application/json'} 
 body=b'{"password": "abc123"}' 
 </msg>
<msg timestamp="20220222 09:04:02.946" level="INFO">POST Response : url=https://getgeeks-users-jorge.herokuapp.com/sessions 
 status=400, reason=Bad Request 
 headers={'Server': 'Cowboy', 'Connection': 'keep-alive', 'X-Powered-By': 'Express', 'Access-Control-Allow-Origin': '*', 'Content-Type': 'application/json; charset=utf-8', 'Content-Length': '26', 'Etag': 'W/"1a-ztWLEO5pP/4DOQYYgf8vh7rMmRI"', 'Date': 'Tue, 22 Feb 2022 12:04:02 GMT', 'Via': '1.1 vegur'} 
 body={"error":"Required email"} 
 </msg>
<msg timestamp="20220222 09:04:02.948" level="INFO">${response} = &lt;Response [400]&gt;</msg>
<status status="PASS" starttime="20220222 09:04:02.389" endtime="20220222 09:04:02.948"/>
</kw>
<msg timestamp="20220222 09:04:02.949" level="INFO">${response} = &lt;Response [400]&gt;</msg>
<status status="PASS" starttime="20220222 09:04:02.387" endtime="20220222 09:04:02.949"/>
</kw>
<kw name="Status Should Be" library="RequestsLibrary">
<arg>${status_code}</arg>
<arg>${response}</arg>
<doc>Fails if response status code is different than the expected.</doc>
<status status="PASS" starttime="20220222 09:04:02.950" endtime="20220222 09:04:02.951"/>
</kw>
<kw name="Should Be Equal" library="BuiltIn">
<arg>${error_message}</arg>
<arg>${response.json()}[error]</arg>
<doc>Fails if the given objects are unequal.</doc>
<status status="PASS" starttime="20220222 09:04:02.952" endtime="20220222 09:04:02.955"/>
</kw>
<status status="PASS" starttime="20220222 09:04:02.386" endtime="20220222 09:04:02.955"/>
</kw>
<kw name="Attempt POST Session">
<arg>${Senha_vazia}</arg>
<arg>400</arg>
<arg>Required pass</arg>
<kw name="POST Session" library="SessionsRoute">
<var>${response}</var>
<arg>${payload}</arg>
<kw name="POST" library="RequestsLibrary">
<var>${response}</var>
<arg>${API_USERS}/sessions</arg>
<arg>json=${payload}</arg>
<arg>expected_status=any</arg>
<doc>Sends a POST request.</doc>
<msg timestamp="20220222 09:04:03.523" level="INFO">POST Request : url=https://getgeeks-users-jorge.herokuapp.com/sessions 
 path_url=/sessions 
 headers={'User-Agent': 'python-requests/2.27.1', 'Accept-Encoding': 'gzip, deflate', 'Accept': '*/*', 'Connection': 'keep-alive', 'Content-Length': '44', 'Content-Type': 'application/json'} 
 body=b'{"email": "ildes@gmail.com", "password": ""}' 
 </msg>
<msg timestamp="20220222 09:04:03.523" level="INFO">POST Response : url=https://getgeeks-users-jorge.herokuapp.com/sessions 
 status=400, reason=Bad Request 
 headers={'Server': 'Cowboy', 'Connection': 'keep-alive', 'X-Powered-By': 'Express', 'Access-Control-Allow-Origin': '*', 'Content-Type': 'application/json; charset=utf-8', 'Content-Length': '25', 'Etag': 'W/"19-XQPKZGB2rC+TLudFQKbwFLPwbR0"', 'Date': 'Tue, 22 Feb 2022 12:04:03 GMT', 'Via': '1.1 vegur'} 
 body={"error":"Required pass"} 
 </msg>
<msg timestamp="20220222 09:04:03.523" level="INFO">${response} = &lt;Response [400]&gt;</msg>
<status status="PASS" starttime="20220222 09:04:02.959" endtime="20220222 09:04:03.523"/>
</kw>
<msg timestamp="20220222 09:04:03.524" level="INFO">${response} = &lt;Response [400]&gt;</msg>
<status status="PASS" starttime="20220222 09:04:02.958" endtime="20220222 09:04:03.524"/>
</kw>
<kw name="Status Should Be" library="RequestsLibrary">
<arg>${status_code}</arg>
<arg>${response}</arg>
<doc>Fails if response status code is different than the expected.</doc>
<status status="PASS" starttime="20220222 09:04:03.525" endtime="20220222 09:04:03.527"/>
</kw>
<kw name="Should Be Equal" library="BuiltIn">
<arg>${error_message}</arg>
<arg>${response.json()}[error]</arg>
<doc>Fails if the given objects are unequal.</doc>
<status status="PASS" starttime="20220222 09:04:03.527" endtime="20220222 09:04:03.531"/>
</kw>
<status status="PASS" starttime="20220222 09:04:02.957" endtime="20220222 09:04:03.531"/>
</kw>
<kw name="Attempt POST Session">
<arg>${Sem_campo_senha}</arg>
<arg>400</arg>
<arg>Required pass</arg>
<kw name="POST Session" library="SessionsRoute">
<var>${response}</var>
<arg>${payload}</arg>
<kw name="POST" library="RequestsLibrary">
<var>${response}</var>
<arg>${API_USERS}/sessions</arg>
<arg>json=${payload}</arg>
<arg>expected_status=any</arg>
<doc>Sends a POST request.</doc>
<msg timestamp="20220222 09:04:04.133" level="INFO">POST Request : url=https://getgeeks-users-jorge.herokuapp.com/sessions 
 path_url=/sessions 
 headers={'User-Agent': 'python-requests/2.27.1', 'Accept-Encoding': 'gzip, deflate', 'Accept': '*/*', 'Connection': 'keep-alive', 'Content-Length': '28', 'Content-Type': 'application/json'} 
 body=b'{"email": "ildes@gmail.com"}' 
 </msg>
<msg timestamp="20220222 09:04:04.133" level="INFO">POST Response : url=https://getgeeks-users-jorge.herokuapp.com/sessions 
 status=400, reason=Bad Request 
 headers={'Server': 'Cowboy', 'Connection': 'keep-alive', 'X-Powered-By': 'Express', 'Access-Control-Allow-Origin': '*', 'Content-Type': 'application/json; charset=utf-8', 'Content-Length': '25', 'Etag': 'W/"19-XQPKZGB2rC+TLudFQKbwFLPwbR0"', 'Date': 'Tue, 22 Feb 2022 12:04:03 GMT', 'Via': '1.1 vegur'} 
 body={"error":"Required pass"} 
 </msg>
<msg timestamp="20220222 09:04:04.134" level="INFO">${response} = &lt;Response [400]&gt;</msg>
<status status="PASS" starttime="20220222 09:04:03.535" endtime="20220222 09:04:04.134"/>
</kw>
<msg timestamp="20220222 09:04:04.135" level="INFO">${response} = &lt;Response [400]&gt;</msg>
<status status="PASS" starttime="20220222 09:04:03.534" endtime="20220222 09:04:04.135"/>
</kw>
<kw name="Status Should Be" library="RequestsLibrary">
<arg>${status_code}</arg>
<arg>${response}</arg>
<doc>Fails if response status code is different than the expected.</doc>
<status status="PASS" starttime="20220222 09:04:04.136" endtime="20220222 09:04:04.137"/>
</kw>
<kw name="Should Be Equal" library="BuiltIn">
<arg>${error_message}</arg>
<arg>${response.json()}[error]</arg>
<doc>Fails if the given objects are unequal.</doc>
<status status="PASS" starttime="20220222 09:04:04.138" endtime="20220222 09:04:04.140"/>
</kw>
<status status="PASS" starttime="20220222 09:04:03.533" endtime="20220222 09:04:04.140"/>
</kw>
<status status="PASS" starttime="20220222 09:04:00.097" endtime="20220222 09:04:04.142"/>
</test>
<doc>Sessions route test suite</doc>
<status status="PASS" starttime="20220222 09:03:58.816" endtime="20220222 09:04:04.146"/>
</suite>
<statistics>
<total>
<stat pass="2" fail="0" skip="0">All Tests</stat>
</total>
<tag>
</tag>
<suite>
<stat pass="2" fail="0" skip="0" id="s1" name="Sessions">Sessions</stat>
</suite>
</statistics>
<errors>
</errors>
</robot>
